<?xml version="1.0" encoding="UTF-8"?>
<!-- Generated by org.testng.reporters.JUnitReportReporter -->
<testsuite hostname="LAPTOP-GIHK6IHP" failures="0" tests="10" name="pages.HomePageTest" time="72.493" errors="0" timestamp="2023-09-06T05:13:32 EDT" skipped="1">
  <testcase classname="pages.HomePageTest" name="clickLogoTest" time="6.568"/>
  <testcase classname="pages.HomePageTest" name="clickUserIdTest" time="5.504"/>
  <testcase classname="pages.HomePageTest" name="inputTextUserIdFieldTest" time="7.552"/>
  <testcase classname="pages.HomePageTest" name="clickPasswordTest" time="6.050"/>
  <testcase classname="pages.HomePageTest" name="inputTextToPasswordtest" time="10.720"/>
  <testcase classname="pages.HomePageTest" name="clickLoginButtonTest" time="5.433"/>
  <testcase classname="pages.HomePageTest" name="forgotUserIdTest" time="7.418"/>
  <testcase classname="pages.HomePageTest" name="clickEnterFirstNameTest" time="11.557"/>
  <testcase classname="pages.HomePageTest" name="clickEnterLastNameTest" time="11.691"/>
  <testcase classname="pages.HomePageTest" name="clickCloseButtonTest">
    <skipped/>
  </testcase> <!-- clickCloseButtonTest -->
</testsuite> <!-- pages.HomePageTest -->
